#
# There is insufficient memory for the Java Runtime Environment to continue.
# Native memory allocation (mmap) failed to map 266338304 bytes for G1 virtual space
# Possible reasons:
#   The system is out of physical RAM or swap space
#   The process is running with CompressedOops enabled, and the Java Heap may be blocking the growth of the native heap
# Possible solutions:
#   Reduce memory load on the system
#   Increase physical memory or swap space
#   Check if swap backing store is full
#   Decrease Java heap size (-Xmx/-Xms)
#   Decrease number of Java threads
#   Decrease Java thread stack sizes (-Xss)
#   Set larger code cache with -XX:ReservedCodeCacheSize=
#   JVM is running with Zero Based Compressed Oops mode in which the Java heap is
#     placed in the first 32GB address space. The Java Heap base address is the
#     maximum limit for the native heap growth. Please use -XX:HeapBaseMinAddress
#     to set the Java Heap base and to place the Java Heap above 32GB virtual address.
# This output file may be truncated or incomplete.
#
#  Out of Memory Error (os_windows.cpp:3771), pid=24636, tid=9144
#
# JRE version:  (17.0.7+10) (build )
# Java VM: OpenJDK 64-Bit Server VM (17.0.7+10-b829.16, mixed mode, sharing, tiered, compressed oops, compressed class ptrs, g1 gc, windows-amd64)
# No core dump will be written. Minidumps are not enabled by default on client versions of Windows
#

---------------  S U M M A R Y ------------

Command Line: git4idea.http.GitAskPassApp Username for 'https://github.com': 

Host: Intel(R) Core(TM) i7-1065G7 CPU @ 1.30GHz, 8 cores, 15G,  Windows 11 , 64 bit Build 22621 (10.0.22621.1778)
Time: Fri Jun 30 15:23:19 2023 Sri Lanka Standard Time elapsed time: 0.011946 seconds (0d 0h 0m 0s)

---------------  T H R E A D  ---------------

Current thread (0x0000024dd56af710):  JavaThread "Unknown thread" [_thread_in_vm, id=9144, stack(0x000000c4fc700000,0x000000c4fc800000)]

Stack: [0x000000c4fc700000,0x000000c4fc800000]
Native frames: (J=compiled Java code, j=interpreted, Vv=VM code, C=native code)
V  [jvm.dll+0x683cca]
V  [jvm.dll+0x8424b4]
V  [jvm.dll+0x843cae]
V  [jvm.dll+0x844313]
V  [jvm.dll+0x24ad2f]
V  [jvm.dll+0x680b99]
V  [jvm.dll+0x67526a]
V  [jvm.dll+0x30b3cb]
V  [jvm.dll+0x312876]
V  [jvm.dll+0x36221e]
V  [jvm.dll+0x36244f]
V  [jvm.dll+0x2e14a8]
V  [jvm.dll+0x2e2414]
V  [jvm.dll+0x814441]
V  [jvm.dll+0x36ffe1]
V  [jvm.dll+0x7f3a1c]
V  [jvm.dll+0x3f305f]
V  [jvm.dll+0x3f4b91]
C  [jli.dll+0x528f]
C  [ucrtbase.dll+0x29363]
C  [KERNEL32.DLL+0x126ad]
C  [ntdll.dll+0x5a9f8]


---------------  P R O C E S S  ---------------

Threads class SMR info:
_java_thread_list=0x00007ffb1ddab098, length=0, elements={
}

Java Threads: ( => current thread )

Other Threads:
  0x0000024dd5719590 GCTaskThread "GC Thread#0" [stack: 0x000000c4fc800000,0x000000c4fc900000] [id=17608]
  0x0000024dd572a120 ConcurrentGCThread "G1 Main Marker" [stack: 0x000000c4fc900000,0x000000c4fca00000] [id=26300]
  0x0000024dd572ac90 ConcurrentGCThread "G1 Conc#0" [stack: 0x000000c4fca00000,0x000000c4fcb00000] [id=15408]

[error occurred during error reporting (printing all threads), id 0xc0000005, EXCEPTION_ACCESS_VIOLATION (0xc0000005) at pc=0x00007ffb1d562087]

VM state: not at safepoint (not fully initialized)

VM Mutex/Monitor currently owned by a thread:  ([mutex/lock_event])
[0x0000024dd56ab630] Heap_lock - owner thread: 0x0000024dd56af710

Heap address: 0x0000000703a00000, size: 4038 MB, Compressed Oops mode: Zero based, Oop shift amount: 3

CDS archive(s) mapped at: [0x0000000000000000-0x0000000000000000-0x0000000000000000), size 0, SharedBaseAddress: 0x0000000800000000, ArchiveRelocationMode: 0.
Narrow klass base: 0x0000000000000000, Narrow klass shift: 0, Narrow klass range: 0x0

GC Precious Log:
<Empty>

Heap:
 garbage-first heap   total 0K, used 0K [0x0000000703a00000, 0x0000000800000000)
  region size 2048K, 0 young (0K), 0 survivors (0K)

[error occurred during error reporting (printing heap information), id 0xc0000005, EXCEPTION_ACCESS_VIOLATION (0xc0000005) at pc=0x00007ffb1d94df59]

GC Heap History (0 events):
No events

Dll operation events (1 events):
Event: 0.007 Loaded shared library C:\Program Files\JetBrains\IntelliJ IDEA 2023.1.3\jbr\bin\java.dll

Deoptimization events (0 events):
No events

Classes unloaded (0 events):
No events

Classes redefined (0 events):
No events

Internal exceptions (0 events):
No events

VM Operations (0 events):
No events

Events (0 events):
No events


Dynamic libraries:
0x00007ff672af0000 - 0x00007ff672afa000 	C:\Program Files\JetBrains\IntelliJ IDEA 2023.1.3\jbr\bin\java.exe
0x00007ffba75b0000 - 0x00007ffba77c4000 	C:\WINDOWS\SYSTEM32\ntdll.dll
0x00007ffba6640000 - 0x00007ffba6702000 	C:\WINDOWS\System32\KERNEL32.DLL
0x00007ffba4ec0000 - 0x00007ffba5263000 	C:\WINDOWS\System32\KERNELBASE.dll
0x00007ffba4b70000 - 0x00007ffba4c81000 	C:\WINDOWS\System32\ucrtbase.dll
0x00007ffb906f0000 - 0x00007ffb90707000 	C:\Program Files\JetBrains\IntelliJ IDEA 2023.1.3\jbr\bin\jli.dll
0x00007ffb60e00000 - 0x00007ffb60e1b000 	C:\Program Files\JetBrains\IntelliJ IDEA 2023.1.3\jbr\bin\VCRUNTIME140.dll
0x00007ffba72e0000 - 0x00007ffba748b000 	C:\WINDOWS\System32\USER32.dll
0x00007ffba4980000 - 0x00007ffba49a6000 	C:\WINDOWS\System32\win32u.dll
0x00007ffb89b20000 - 0x00007ffb89dae000 	C:\WINDOWS\WinSxS\amd64_microsoft.windows.common-controls_6595b64144ccf1df_6.0.22621.1635_none_270f70857386168e\COMCTL32.dll
0x00007ffba6f20000 - 0x00007ffba6f49000 	C:\WINDOWS\System32\GDI32.dll
0x00007ffba6710000 - 0x00007ffba67b7000 	C:\WINDOWS\System32\msvcrt.dll
0x00007ffba49b0000 - 0x00007ffba4ac9000 	C:\WINDOWS\System32\gdi32full.dll
0x00007ffba4ad0000 - 0x00007ffba4b6a000 	C:\WINDOWS\System32\msvcp_win.dll
0x00007ffba5d70000 - 0x00007ffba5da1000 	C:\WINDOWS\System32\IMM32.DLL
0x00007ffb8f690000 - 0x00007ffb8f69c000 	C:\Program Files\JetBrains\IntelliJ IDEA 2023.1.3\jbr\bin\vcruntime140_1.dll
0x00007ffb49f90000 - 0x00007ffb4a01d000 	C:\Program Files\JetBrains\IntelliJ IDEA 2023.1.3\jbr\bin\msvcp140.dll
0x00007ffb1d270000 - 0x00007ffb1dede000 	C:\Program Files\JetBrains\IntelliJ IDEA 2023.1.3\jbr\bin\server\jvm.dll
0x00007ffba7230000 - 0x00007ffba72de000 	C:\WINDOWS\System32\ADVAPI32.dll
0x00007ffba7490000 - 0x00007ffba7534000 	C:\WINDOWS\System32\sechost.dll
0x00007ffba5360000 - 0x00007ffba5477000 	C:\WINDOWS\System32\RPCRT4.dll
0x00007ffb92950000 - 0x00007ffb92959000 	C:\WINDOWS\SYSTEM32\WSOCK32.dll
0x00007ffba2580000 - 0x00007ffba25b4000 	C:\WINDOWS\SYSTEM32\WINMM.dll
0x00007ffb9da90000 - 0x00007ffb9da9a000 	C:\WINDOWS\SYSTEM32\VERSION.dll
0x00007ffba6140000 - 0x00007ffba61b1000 	C:\WINDOWS\System32\WS2_32.dll
0x00007ffba3a30000 - 0x00007ffba3a48000 	C:\WINDOWS\SYSTEM32\kernel.appcore.dll
0x00007ffb9f5c0000 - 0x00007ffb9f5ca000 	C:\Program Files\JetBrains\IntelliJ IDEA 2023.1.3\jbr\bin\jimage.dll
0x00007ffba2350000 - 0x00007ffba257e000 	C:\WINDOWS\SYSTEM32\DBGHELP.DLL
0x00007ffba5db0000 - 0x00007ffba6139000 	C:\WINDOWS\System32\combase.dll
0x00007ffba6fa0000 - 0x00007ffba7077000 	C:\WINDOWS\System32\OLEAUT32.dll
0x00007ffba2170000 - 0x00007ffba21a2000 	C:\WINDOWS\SYSTEM32\dbgcore.DLL
0x00007ffba52e0000 - 0x00007ffba535b000 	C:\WINDOWS\System32\bcryptPrimitives.dll
0x00007ffb93ed0000 - 0x00007ffb93ef5000 	C:\Program Files\JetBrains\IntelliJ IDEA 2023.1.3\jbr\bin\java.dll

dbghelp: loaded successfully - version: 4.0.5 - missing functions: none
symbol engine: initialized successfully - sym options: 0x614 - pdb path: .;C:\Program Files\JetBrains\IntelliJ IDEA 2023.1.3\jbr\bin;C:\WINDOWS\SYSTEM32;C:\WINDOWS\WinSxS\amd64_microsoft.windows.common-controls_6595b64144ccf1df_6.0.22621.1635_none_270f70857386168e;C:\Program Files\JetBrains\IntelliJ IDEA 2023.1.3\jbr\bin\server

VM Arguments:
java_command: git4idea.http.GitAskPassApp Username for 'https://github.com': 
java_class_path (initial): C:/Program Files/JetBrains/IntelliJ IDEA 2023.1.3/plugins/vcs-git/lib/git4idea-rt.jar;C:/Program Files/JetBrains/IntelliJ IDEA 2023.1.3/lib/externalProcess-rt.jar
Launcher Type: SUN_STANDARD

[Global flags]
     intx CICompilerCount                          = 4                                         {product} {ergonomic}
     uint ConcGCThreads                            = 2                                         {product} {ergonomic}
     uint G1ConcRefinementThreads                  = 8                                         {product} {ergonomic}
   size_t G1HeapRegionSize                         = 2097152                                   {product} {ergonomic}
    uintx GCDrainStackTargetSize                   = 64                                        {product} {ergonomic}
   size_t InitialHeapSize                          = 266338304                                 {product} {ergonomic}
   size_t MarkStackSize                            = 4194304                                   {product} {ergonomic}
   size_t MaxHeapSize                              = 4234149888                                {product} {ergonomic}
   size_t MinHeapDeltaBytes                        = 2097152                                   {product} {ergonomic}
   size_t MinHeapSize                              = 8388608                                   {product} {ergonomic}
    uintx NonNMethodCodeHeapSize                   = 5839372                                {pd product} {ergonomic}
    uintx NonProfiledCodeHeapSize                  = 122909434                              {pd product} {ergonomic}
    uintx ProfiledCodeHeapSize                     = 122909434                              {pd product} {ergonomic}
    uintx ReservedCodeCacheSize                    = 251658240                              {pd product} {ergonomic}
     bool SegmentedCodeCache                       = true                                      {product} {ergonomic}
   size_t SoftMaxHeapSize                          = 4234149888                             {manageable} {ergonomic}
     bool UseCompressedClassPointers               = true                           {product lp64_product} {ergonomic}
     bool UseCompressedOops                        = true                           {product lp64_product} {ergonomic}
     bool UseG1GC                                  = true                                      {product} {ergonomic}
     bool UseLargePagesIndividualAllocation        = false                                  {pd product} {ergonomic}

Logging:
Log output configuration:
 #0: stdout all=warning uptime,level,tags
 #1: stderr all=off uptime,level,tags

Environment Variables:
JAVA_HOME=C:\Program Files\Java\jdk-17
PATH=C:\Program Files\Git\mingw64\libexec\git-core;C:\Program Files\Git\mingw64\libexec\git-core;C:\Program Files\Git\mingw64\bin;C:\Program Files\Git\usr\bin;C:\Users\Pramitha Jayasooriya\bin;C:\Program Files\Common Files\Oracle\Java\javapath;C:\Program Files (x86)\Common Files\Oracle\Java\javapath;C:\Python311\Scripts;C:\Python311;C:\Program Files\Microsoft\jdk-11.0.12.7-hotspot\bin;C:\Windows\system32;C:\Windows;C:\Windows\System32\Wbem;C:\Windows\System32\WindowsPowerShell\v1.0;C:\Windows\System32\OpenSSH;C:\Program Files\NVIDIA Corporation\NVIDIA NvDLISR;C:\WINDOWS\system32;C:\WINDOWS;C:\WINDOWS\System32\Wbem;C:\WINDOWS\System32\WindowsPowerShell\v1.0;C:\WINDOWS\System32\OpenSSH;C:\Program Files\Microsoft SQL Server\120\Tools\Binn;C:\Program Files\Microsoft SQL Server\Client SDK\ODBC\110\Tools\Binn;C:\Program Files (x86)\Microsoft SQL Server\120\Tools\Binn;C:\Program Files\Microsoft SQL Server\120\DTS\Binn;C:\Program Files (x86)\Windows Kits\8.1\Windows Performance Toolkit;C:\Program Files\Microsoft SQL Server\150\Tools\Binn;C:\Program Files\Microsoft SQL Server\Client SDK\ODBC\170\Tools\Binn;C:\Users\Pramitha Jayasooriya\Desktop\Octave6;C:\Users\Pramitha Jayasooriya\Desktop\Octave64\scripts";C:\MinGW\bin;C:\Program Files\dotnet;C:\Program Files (x86)\dotnet;C:\WINDOWS\system32;C:\WINDOWS;C:\WINDOWS\System32\Wbem;C:\WINDOWS\System32\WindowsPowerShell\v1.0;C:\WINDOWS\System32\OpenSSH;C:\Program Files\nodejs;C:\ProgramData\chocolatey\bin;D:\Program Files\Polyspace\R2019a\runtime\win64;D:\Program Files\Polyspace\R2019a\bin;D:\Program Files\Polyspace\R2019a\polyspace\bin;C:\Program Files\Git\cmd;C:\Program Files\Java\jdk1.8.0_191\bin;C:\Program Files\Java\jdk-17\bin;C:\Users\Pramitha Jayasooriya\AppData\Local\Microsoft\WindowsApps;C:\MinGW\bin;C:\Program Files\CodeBlocks\MinGW;C:\Users\Pramitha Jayasooriya\AppData\Roaming\npm;C:\Users\Pramitha Jayasooriya\.dotnet\tools;C:\Users\Pramitha Jayasooriya\AppData\Local\GitHubDesktop\bin;C:\Program Files\Azure Data Studio\bin
USERNAME=Pramitha Jayasooriya
DISPLAY=:0.0
LC_ALL=en_US.UTF-8
TERM=xterm-256color
TMPDIR=C:\Users\Pramitha Jayasooriya\AppData\Local\Temp
OS=Windows_NT
PROCESSOR_IDENTIFIER=Intel64 Family 6 Model 126 Stepping 5, GenuineIntel
TMP=C:\Users\Pramitha Jayasooriya\AppData\Local\Temp
TEMP=C:\Users\Pramitha Jayasooriya\AppData\Local\Temp


JNI global refs:

[error occurred during error reporting (JNI global references), id 0xc0000005, EXCEPTION_ACCESS_VIOLATION (0xc0000005) at pc=0x00007ffb1d327fc0]


---------------  S Y S T E M  ---------------

OS:
 Windows 11 , 64 bit Build 22621 (10.0.22621.1778)
OS uptime: 3 days 5:15 hours
Hyper-V role detected

CPU: total 8 (initial active 8) (4 cores per cpu, 2 threads per core) family 6 model 126 stepping 5 microcode 0xb8, cx8, cmov, fxsr, ht, mmx, 3dnowpref, sse, sse2, sse3, ssse3, sse4.1, sse4.2, popcnt, lzcnt, tsc, tscinvbit, avx, avx2, aes, erms, clmul, bmi1, bmi2, adx, avx512f, avx512dq, avx512cd, avx512bw, avx512vl, sha, fma, vzeroupper, avx512_vpopcntdq, avx512_vpclmulqdq, avx512_vaes, avx512_vnni, clflush, clflushopt, avx512_vbmi2, avx512_vbmi, hv

Memory: 4k page, system-wide physical 16151M (4905M free)
TotalPageFile size 16151M (AvailPageFile size 175M)
current process WorkingSet (physical memory assigned to process): 11M, peak: 11M
current process commit charge ("private bytes"): 60M, peak: 314M

vm_info: OpenJDK 64-Bit Server VM (17.0.7+10-b829.16) for windows-amd64 JRE (17.0.7+10-b829.16), built on 2023-06-02 by "builduser" with MS VC++ 16.10 / 16.11 (VS2019)

END.
